2024-09-05T16:32:28.288+05:30  INFO 12640 --- [main] c.I.p.PersonalFinanceTrackerApplication  : Starting PersonalFinanceTrackerApplication using Java 17.0.12 with PID 12640 (E:\IIT\personal_finance_tracker\target\classes started by TTSADMIN in E:\IIT\personal_finance_tracker)
2024-09-05T16:32:28.307+05:30  INFO 12640 --- [main] c.I.p.PersonalFinanceTrackerApplication  : No active profile set, falling back to 1 default profile: "default"
2024-09-05T16:32:29.573+05:30  INFO 12640 --- [main] .s.d.r.c.RepositoryConfigurationDelegate : Bootstrapping Spring Data JPA repositories in DEFAULT mode.
2024-09-05T16:32:29.704+05:30  INFO 12640 --- [main] .s.d.r.c.RepositoryConfigurationDelegate : Finished Spring Data repository scanning in 118 ms. Found 3 JPA repository interfaces.
2024-09-05T16:32:30.603+05:30  INFO 12640 --- [main] o.s.b.w.embedded.tomcat.TomcatWebServer  : Tomcat initialized with port 8080 (http)
2024-09-05T16:32:30.647+05:30  INFO 12640 --- [main] o.apache.catalina.core.StandardService   : Starting service [Tomcat]
2024-09-05T16:32:30.647+05:30  INFO 12640 --- [main] o.apache.catalina.core.StandardEngine    : Starting Servlet engine: [Apache Tomcat/10.1.28]
2024-09-05T16:32:30.793+05:30  INFO 12640 --- [main] o.a.c.c.C.[Tomcat].[localhost].[/]       : Initializing Spring embedded WebApplicationContext
2024-09-05T16:32:30.794+05:30  INFO 12640 --- [main] w.s.c.ServletWebServerApplicationContext : Root WebApplicationContext: initialization completed in 2382 ms
2024-09-05T16:32:31.133+05:30  INFO 12640 --- [main] o.hibernate.jpa.internal.util.LogHelper  : HHH000204: Processing PersistenceUnitInfo [name: default]
2024-09-05T16:32:31.287+05:30  INFO 12640 --- [main] org.hibernate.Version                    : HHH000412: Hibernate ORM core version 6.5.2.Final
2024-09-05T16:32:31.354+05:30  INFO 12640 --- [main] o.h.c.internal.RegionFactoryInitiator    : HHH000026: Second-level cache disabled
2024-09-05T16:32:31.936+05:30  INFO 12640 --- [main] o.s.o.j.p.SpringPersistenceUnitInfo      : No LoadTimeWeaver setup: ignoring JPA class transformer
2024-09-05T16:32:31.961+05:30  INFO 12640 --- [main] com.zaxxer.hikari.HikariDataSource       : HikariPool-1 - Starting...
2024-09-05T16:32:32.321+05:30  INFO 12640 --- [main] com.zaxxer.hikari.pool.HikariPool        : HikariPool-1 - Added connection com.mysql.cj.jdbc.ConnectionImpl@3386ed8
2024-09-05T16:32:32.323+05:30  INFO 12640 --- [main] com.zaxxer.hikari.HikariDataSource       : HikariPool-1 - Start completed.
2024-09-05T16:32:34.114+05:30  INFO 12640 --- [main] o.h.e.t.j.p.i.JtaPlatformInitiator       : HHH000489: No JTA platform available (set 'hibernate.transaction.jta.platform' to enable JTA platform integration)
2024-09-05T16:32:34.375+05:30  INFO 12640 --- [main] j.LocalContainerEntityManagerFactoryBean : Initialized JPA EntityManagerFactory for persistence unit 'default'
2024-09-05T16:32:35.170+05:30  INFO 12640 --- [main] o.s.d.j.r.query.QueryEnhancerFactory     : Hibernate is in classpath; If applicable, HQL parser will be used.
2024-09-05T16:32:35.749+05:30  INFO 12640 --- [main] eAuthenticationProviderManagerConfigurer : Global AuthenticationManager configured with AuthenticationProvider bean with name authenticationProvider
2024-09-05T16:32:35.750+05:30  WARN 12640 --- [main] r$InitializeUserDetailsManagerConfigurer : Global AuthenticationManager configured with an AuthenticationProvider bean. UserDetailsService beans will not be used for username/password login. Consider removing the AuthenticationProvider bean. Alternatively, consider using the UserDetailsService in a manually instantiated DaoAuthenticationProvider.
2024-09-05T16:32:36.591+05:30  INFO 12640 --- [main] o.s.b.w.embedded.tomcat.TomcatWebServer  : Tomcat started on port 8080 (http) with context path '/'
2024-09-05T16:32:36.602+05:30  INFO 12640 --- [main] c.I.p.PersonalFinanceTrackerApplication  : Started PersonalFinanceTrackerApplication in 8.941 seconds (process running for 10.072)
2024-09-05T16:33:00.788+05:30  INFO 12640 --- [http-nio-8080-exec-1] o.a.c.c.C.[Tomcat].[localhost].[/]       : Initializing Spring DispatcherServlet 'dispatcherServlet'
2024-09-05T16:33:00.789+05:30  INFO 12640 --- [http-nio-8080-exec-1] o.s.web.servlet.DispatcherServlet        : Initializing Servlet 'dispatcherServlet'
2024-09-05T16:33:00.792+05:30  INFO 12640 --- [http-nio-8080-exec-1] o.s.web.servlet.DispatcherServlet        : Completed initialization in 2 ms
2024-09-05T16:33:01.801+05:30  INFO 12640 --- [http-nio-8080-exec-2] c.I.p.s.t.TransactionServiceImpl         : Fetching all transactions
2024-09-05T16:33:01.896+05:30  INFO 12640 --- [http-nio-8080-exec-2] c.I.p.s.t.TransactionServiceImpl         : Found 6 transactions
2024-09-05T16:33:18.084+05:30  INFO 12640 --- [http-nio-8080-exec-3] c.I.p.s.t.TransactionServiceImpl         : Fetching all transactions
2024-09-05T16:33:18.124+05:30  INFO 12640 --- [http-nio-8080-exec-3] c.I.p.s.t.TransactionServiceImpl         : Found 6 transactions
2024-09-05T16:33:41.650+05:30  INFO 12640 --- [http-nio-8080-exec-5] c.I.p.s.t.TransactionServiceImpl         : Fetching transaction with ID: 1
2024-09-05T16:33:41.663+05:30  INFO 12640 --- [http-nio-8080-exec-5] c.I.p.s.t.TransactionServiceImpl         : Transaction found with ID: 1
2024-09-05T16:33:49.366+05:30  INFO 12640 --- [http-nio-8080-exec-6] c.I.p.s.t.TransactionServiceImpl         : Fetching all transactions
2024-09-05T16:33:49.390+05:30  INFO 12640 --- [http-nio-8080-exec-6] c.I.p.s.t.TransactionServiceImpl         : Found 6 transactions
2024-09-05T16:40:16.393+05:30  INFO 12640 --- [http-nio-8080-exec-8] c.I.p.s.t.TransactionServiceImpl         : Fetching all transactions
2024-09-05T16:40:16.414+05:30  INFO 12640 --- [http-nio-8080-exec-8] c.I.p.s.t.TransactionServiceImpl         : Found 6 transactions
2024-09-05T16:47:06.712+05:30  INFO 12640 --- [http-nio-8080-exec-10] c.I.p.s.t.TransactionServiceImpl         : Fetching all transactions
2024-09-05T16:47:06.749+05:30  INFO 12640 --- [http-nio-8080-exec-10] c.I.p.s.t.TransactionServiceImpl         : Found 6 transactions
2024-09-05T17:14:30.886+05:30  INFO 12640 --- [http-nio-8080-exec-3] c.I.p.s.t.TransactionServiceImpl         : Fetching all transactions
2024-09-05T17:14:30.980+05:30  INFO 12640 --- [http-nio-8080-exec-3] c.I.p.s.t.TransactionServiceImpl         : Found 6 transactions
2024-09-05T17:14:46.176+05:30  INFO 12640 --- [http-nio-8080-exec-5] c.I.p.s.t.TransactionServiceImpl         : Fetching all transactions
2024-09-05T17:14:46.199+05:30  INFO 12640 --- [http-nio-8080-exec-5] c.I.p.s.t.TransactionServiceImpl         : Found 6 transactions
2024-09-05T17:34:15.266+05:30  INFO 12640 --- [http-nio-8080-exec-7] c.I.p.s.t.TransactionServiceImpl         : Fetching all transactions
2024-09-05T17:34:15.389+05:30  INFO 12640 --- [http-nio-8080-exec-7] c.I.p.s.t.TransactionServiceImpl         : Found 6 transactions
2024-09-05T17:37:35.451+05:30  INFO 12640 --- [http-nio-8080-exec-9] c.I.p.s.t.TransactionServiceImpl         : Fetching all transactions
2024-09-05T17:37:35.476+05:30  INFO 12640 --- [http-nio-8080-exec-9] c.I.p.s.t.TransactionServiceImpl         : Found 6 transactions
2024-09-05T17:42:50.476+05:30  INFO 12640 --- [SpringApplicationShutdownHook] j.LocalContainerEntityManagerFactoryBean : Closing JPA EntityManagerFactory for persistence unit 'default'
2024-09-05T17:42:50.507+05:30  INFO 12640 --- [SpringApplicationShutdownHook] com.zaxxer.hikari.HikariDataSource       : HikariPool-1 - Shutdown initiated...
2024-09-05T17:42:50.525+05:30  INFO 12640 --- [SpringApplicationShutdownHook] com.zaxxer.hikari.HikariDataSource       : HikariPool-1 - Shutdown completed.
